<?xml version="1.0" encoding="UTF-8"?>
<!-- Generated by org.testng.reporters.JUnitXMLReporter -->
<testsuite hostname="patapl-G5SSZF2" tests="0" failures="0" timestamp="28 Sep 2017 21:31:16 GMT" time="0.003" errors="0">
  <testcase name="@BeforeSuite beforeSuite" time="0.0" classname="zeta.utilities.ZetaTestDriver">
    <failure type="org.testng.TestNGException" message="
Parameter &amp;apos;project&amp;apos; is required by @Configuration on method beforeSuite but has not been marked @Optional or defined
in C:\Users\nwisne002c\AppData\Local\Temp\testng-eclipse--560036609\testng-customsuite.xml">
      <![CDATA[org.testng.TestNGException: 
Parameter 'project' is required by @Configuration on method beforeSuite but has not been marked @Optional or defined
in C:\Users\nwisne002c\AppData\Local\Temp\testng-eclipse--560036609\testng-customsuite.xml
	at org.testng.internal.Parameters.createParameters(Parameters.java:154)
	at org.testng.internal.Parameters.createParameters(Parameters.java:361)
	at org.testng.internal.Parameters.createConfigurationParameters(Parameters.java:84)
	at org.testng.internal.Invoker.invokeConfigurations(Invoker.java:197)
	at org.testng.internal.Invoker.invokeConfigurations(Invoker.java:138)
	at org.testng.SuiteRunner.privateRun(SuiteRunner.java:298)
	at org.testng.SuiteRunner.run(SuiteRunner.java:261)
	at org.testng.SuiteRunnerWorker.runSuite(SuiteRunnerWorker.java:52)
	at org.testng.SuiteRunnerWorker.run(SuiteRunnerWorker.java:86)
	at org.testng.TestNG.runSuitesSequentially(TestNG.java:1215)
	at org.testng.TestNG.runSuitesLocally(TestNG.java:1140)
	at org.testng.TestNG.run(TestNG.java:1048)
	at org.testng.remote.AbstractRemoteTestNG.run(AbstractRemoteTestNG.java:132)
	at org.testng.remote.RemoteTestNG.initAndRun(RemoteTestNG.java:230)
	at org.testng.remote.RemoteTestNG.main(RemoteTestNG.java:76)
]]>
    </failure>
  </testcase> <!-- @BeforeSuite beforeSuite -->
</testsuite>
