<html>
<head>
<title>TestNG:  edge</title>
<link href="../testng.css" rel="stylesheet" type="text/css" />
<link href="../my-testng.css" rel="stylesheet" type="text/css" />

<style type="text/css">
.log { display: none;} 
.stack-trace { display: none;} 
</style>
<script type="text/javascript">
<!--
function flip(e) {
  current = e.style.display;
  if (current == 'block') {
    e.style.display = 'none';
    return 0;
  }
  else {
    e.style.display = 'block';
    return 1;
  }
}

function toggleBox(szDivId, elem, msg1, msg2)
{
  var res = -1;  if (document.getElementById) {
    res = flip(document.getElementById(szDivId));
  }
  else if (document.all) {
    // this is the way old msie versions work
    res = flip(document.all[szDivId]);
  }
  if(elem) {
    if(res == 0) elem.innerHTML = msg1; else elem.innerHTML = msg2;
  }

}

function toggleAllBoxes() {
  if (document.getElementsByTagName) {
    d = document.getElementsByTagName('div');
    for (i = 0; i < d.length; i++) {
      if (d[i].className == 'log') {
        flip(d[i]);
      }
    }
  }
}

// -->
</script>

</head>
<body>
<h2 align='center'>edge</h2><table border='1' align="center">
<tr>
<td>Tests passed/Failed/Skipped:</td><td>0/1/11</td>
</tr><tr>
<td>Started on:</td><td>Thu Oct 12 12:27:53 EDT 2017</td>
</tr>
<tr><td>Total time:</td><td>405 seconds (405644 ms)</td>
</tr><tr>
<td>Included groups:</td><td></td>
</tr><tr>
<td>Excluded groups:</td><td></td>
</tr>
</table><p/>
<small><i>(Hover the method name to see the test class name)</i></small><p/>
<table width='100%' border='1' class='invocation-failed'>
<tr><td colspan='4' align='center'><b>FAILED CONFIGURATIONS</b></td></tr>
<tr><td><b>Test method</b></td>
<td width="30%"><b>Exception</b></td>
<td width="10%"><b>Time (seconds)</b></td>
<td><b>Instance</b></td>
</tr>
<tr>
<td title='zeta.test.ZetaCmsSuite.setUpTestRun()'><b>setUpTestRun</b><br>Test class: zeta.test.ZetaCmsSuite<br>Parameters: edge, corp_windows.json, browserstack, public void zeta.test.ZetaCmsSuite.createNewDocDefAndDocument() throws java.lang.Exception</td>
<td><div><pre>java.lang.NullPointerException
	at java.lang.ProcessBuilder.start(ProcessBuilder.java:1012)
	at com.browserstack.local.Local.runCommand(Local.java:182)
	at com.browserstack.local.Local.start(Local.java:66)
	at zeta.utilities.RunManager.startBrowserStack(RunManager.java:159)
	at zeta.utilities.ZetaTestDriver.setBrowserStack(ZetaTestDriver.java:193)
	at zeta.utilities.ZetaTestDriver.setUpTestRun(ZetaTestDriver.java:78)
	at java.util.concurrent.ThreadPoolExecutor.runWorker(ThreadPoolExecutor.java:1142)
	at java.util.concurrent.ThreadPoolExecutor$Worker.run(ThreadPoolExecutor.java:617)
	at java.lang.Thread.run(Thread.java:745)
... Removed 12 stack frames</pre></div><a href='#' onClick='toggleBox("stack-trace1374604706", this, "Click to show all stack frames", "Click to hide stack frames")'>Click to show all stack frames</a>
<div class='stack-trace' id='stack-trace1374604706'><pre>java.lang.NullPointerException
	at java.lang.ProcessBuilder.start(ProcessBuilder.java:1012)
	at com.browserstack.local.Local.runCommand(Local.java:182)
	at com.browserstack.local.Local.start(Local.java:66)
	at zeta.utilities.RunManager.startBrowserStack(RunManager.java:159)
	at zeta.utilities.ZetaTestDriver.setBrowserStack(ZetaTestDriver.java:193)
	at zeta.utilities.ZetaTestDriver.setUpTestRun(ZetaTestDriver.java:78)
	at sun.reflect.NativeMethodAccessorImpl.invoke0(Native Method)
	at sun.reflect.NativeMethodAccessorImpl.invoke(NativeMethodAccessorImpl.java:62)
	at sun.reflect.DelegatingMethodAccessorImpl.invoke(DelegatingMethodAccessorImpl.java:43)
	at java.lang.reflect.Method.invoke(Method.java:498)
	at org.testng.internal.MethodInvocationHelper.invokeMethod(MethodInvocationHelper.java:85)
	at org.testng.internal.Invoker.invokeConfigurationMethod(Invoker.java:510)
	at org.testng.internal.Invoker.invokeConfigurations(Invoker.java:211)
	at org.testng.internal.Invoker.invokeMethod(Invoker.java:585)
	at org.testng.internal.Invoker.retryFailed(Invoker.java:963)
	at org.testng.internal.Invoker.invokeTestMethods(Invoker.java:1142)
	at org.testng.internal.TestMethodWorker.invokeTestMethods(TestMethodWorker.java:125)
	at org.testng.internal.TestMethodWorker.run(TestMethodWorker.java:108)
	at java.util.concurrent.ThreadPoolExecutor.runWorker(ThreadPoolExecutor.java:1142)
	at java.util.concurrent.ThreadPoolExecutor$Worker.run(ThreadPoolExecutor.java:617)
	at java.lang.Thread.run(Thread.java:745)
</pre></div></td>
<td>0</td>
<td>zeta.test.ZetaCmsSuite@5e5792a0</td></tr>
<tr>
<td title='zeta.test.DNISuite.setUpTestRun()'><b>setUpTestRun</b><br>Test class: zeta.test.DNISuite<br>Parameters: edge, corp_windows.json, browserstack, public void zeta.test.DNISuite.createDIPage() throws java.lang.Exception</td>
<td><div><pre>java.lang.NullPointerException
	at java.lang.ProcessBuilder.start(ProcessBuilder.java:1012)
	at com.browserstack.local.Local.runCommand(Local.java:182)
	at com.browserstack.local.Local.start(Local.java:66)
	at zeta.utilities.RunManager.startBrowserStack(RunManager.java:159)
	at zeta.utilities.ZetaTestDriver.setBrowserStack(ZetaTestDriver.java:193)
	at zeta.utilities.ZetaTestDriver.setUpTestRun(ZetaTestDriver.java:78)
	at java.util.concurrent.ThreadPoolExecutor.runWorker(ThreadPoolExecutor.java:1142)
	at java.util.concurrent.ThreadPoolExecutor$Worker.run(ThreadPoolExecutor.java:617)
	at java.lang.Thread.run(Thread.java:745)
... Removed 12 stack frames</pre></div><a href='#' onClick='toggleBox("stack-trace2109518661", this, "Click to show all stack frames", "Click to hide stack frames")'>Click to show all stack frames</a>
<div class='stack-trace' id='stack-trace2109518661'><pre>java.lang.NullPointerException
	at java.lang.ProcessBuilder.start(ProcessBuilder.java:1012)
	at com.browserstack.local.Local.runCommand(Local.java:182)
	at com.browserstack.local.Local.start(Local.java:66)
	at zeta.utilities.RunManager.startBrowserStack(RunManager.java:159)
	at zeta.utilities.ZetaTestDriver.setBrowserStack(ZetaTestDriver.java:193)
	at zeta.utilities.ZetaTestDriver.setUpTestRun(ZetaTestDriver.java:78)
	at sun.reflect.NativeMethodAccessorImpl.invoke0(Native Method)
	at sun.reflect.NativeMethodAccessorImpl.invoke(NativeMethodAccessorImpl.java:62)
	at sun.reflect.DelegatingMethodAccessorImpl.invoke(DelegatingMethodAccessorImpl.java:43)
	at java.lang.reflect.Method.invoke(Method.java:498)
	at org.testng.internal.MethodInvocationHelper.invokeMethod(MethodInvocationHelper.java:85)
	at org.testng.internal.Invoker.invokeConfigurationMethod(Invoker.java:510)
	at org.testng.internal.Invoker.invokeConfigurations(Invoker.java:211)
	at org.testng.internal.Invoker.invokeMethod(Invoker.java:585)
	at org.testng.internal.Invoker.retryFailed(Invoker.java:963)
	at org.testng.internal.Invoker.invokeTestMethods(Invoker.java:1142)
	at org.testng.internal.TestMethodWorker.invokeTestMethods(TestMethodWorker.java:125)
	at org.testng.internal.TestMethodWorker.run(TestMethodWorker.java:108)
	at java.util.concurrent.ThreadPoolExecutor.runWorker(ThreadPoolExecutor.java:1142)
	at java.util.concurrent.ThreadPoolExecutor$Worker.run(ThreadPoolExecutor.java:617)
	at java.lang.Thread.run(Thread.java:745)
</pre></div></td>
<td>0</td>
<td>zeta.test.DNISuite@26653222</td></tr>
<tr>
<td title='zeta.test.ZetaCmsSuite.setUpTestRun()'><b>setUpTestRun</b><br>Test class: zeta.test.ZetaCmsSuite<br>Parameters: edge, corp_windows.json, browserstack, public void zeta.test.ZetaCmsSuite.zetaPersonPage() throws java.lang.Exception</td>
<td><div><pre>java.lang.NullPointerException
	at java.lang.ProcessBuilder.start(ProcessBuilder.java:1012)
	at com.browserstack.local.Local.runCommand(Local.java:182)
	at com.browserstack.local.Local.start(Local.java:66)
	at zeta.utilities.RunManager.startBrowserStack(RunManager.java:159)
	at zeta.utilities.ZetaTestDriver.setBrowserStack(ZetaTestDriver.java:193)
	at zeta.utilities.ZetaTestDriver.setUpTestRun(ZetaTestDriver.java:78)
	at java.util.concurrent.ThreadPoolExecutor.runWorker(ThreadPoolExecutor.java:1142)
	at java.util.concurrent.ThreadPoolExecutor$Worker.run(ThreadPoolExecutor.java:617)
	at java.lang.Thread.run(Thread.java:745)
... Removed 12 stack frames</pre></div><a href='#' onClick='toggleBox("stack-trace500683625", this, "Click to show all stack frames", "Click to hide stack frames")'>Click to show all stack frames</a>
<div class='stack-trace' id='stack-trace500683625'><pre>java.lang.NullPointerException
	at java.lang.ProcessBuilder.start(ProcessBuilder.java:1012)
	at com.browserstack.local.Local.runCommand(Local.java:182)
	at com.browserstack.local.Local.start(Local.java:66)
	at zeta.utilities.RunManager.startBrowserStack(RunManager.java:159)
	at zeta.utilities.ZetaTestDriver.setBrowserStack(ZetaTestDriver.java:193)
	at zeta.utilities.ZetaTestDriver.setUpTestRun(ZetaTestDriver.java:78)
	at sun.reflect.NativeMethodAccessorImpl.invoke0(Native Method)
	at sun.reflect.NativeMethodAccessorImpl.invoke(NativeMethodAccessorImpl.java:62)
	at sun.reflect.DelegatingMethodAccessorImpl.invoke(DelegatingMethodAccessorImpl.java:43)
	at java.lang.reflect.Method.invoke(Method.java:498)
	at org.testng.internal.MethodInvocationHelper.invokeMethod(MethodInvocationHelper.java:85)
	at org.testng.internal.Invoker.invokeConfigurationMethod(Invoker.java:510)
	at org.testng.internal.Invoker.invokeConfigurations(Invoker.java:211)
	at org.testng.internal.Invoker.invokeMethod(Invoker.java:585)
	at org.testng.internal.Invoker.retryFailed(Invoker.java:963)
	at org.testng.internal.Invoker.invokeTestMethods(Invoker.java:1142)
	at org.testng.internal.TestMethodWorker.invokeTestMethods(TestMethodWorker.java:125)
	at org.testng.internal.TestMethodWorker.run(TestMethodWorker.java:108)
	at java.util.concurrent.ThreadPoolExecutor.runWorker(ThreadPoolExecutor.java:1142)
	at java.util.concurrent.ThreadPoolExecutor$Worker.run(ThreadPoolExecutor.java:617)
	at java.lang.Thread.run(Thread.java:745)
</pre></div></td>
<td>0</td>
<td>zeta.test.ZetaCmsSuite@5e5792a0</td></tr>
<tr>
<td title='zeta.test.ZetaCmsSuite.tearDown()'><b>tearDown</b><br>Test class: zeta.test.ZetaCmsSuite<br>Parameters: [TestResult name=createNewDocDefAndDocument status=SKIP method=ZetaCmsSuite.createNewDocDefAndDocument()[pri:1, instance:zeta.test.ZetaCmsSuite@5e5792a0] output={null}], browserstack, edge, corp_windows.json</td>
<td><div><pre>java.lang.NullPointerException
	at zeta.utilities.ZetaTestDriver.tearDown(ZetaTestDriver.java:96)
	at java.util.concurrent.ThreadPoolExecutor.runWorker(ThreadPoolExecutor.java:1142)
	at java.util.concurrent.ThreadPoolExecutor$Worker.run(ThreadPoolExecutor.java:617)
	at java.lang.Thread.run(Thread.java:745)
... Removed 12 stack frames</pre></div><a href='#' onClick='toggleBox("stack-trace1569466240", this, "Click to show all stack frames", "Click to hide stack frames")'>Click to show all stack frames</a>
<div class='stack-trace' id='stack-trace1569466240'><pre>java.lang.NullPointerException
	at zeta.utilities.ZetaTestDriver.tearDown(ZetaTestDriver.java:96)
	at sun.reflect.NativeMethodAccessorImpl.invoke0(Native Method)
	at sun.reflect.NativeMethodAccessorImpl.invoke(NativeMethodAccessorImpl.java:62)
	at sun.reflect.DelegatingMethodAccessorImpl.invoke(DelegatingMethodAccessorImpl.java:43)
	at java.lang.reflect.Method.invoke(Method.java:498)
	at org.testng.internal.MethodInvocationHelper.invokeMethod(MethodInvocationHelper.java:85)
	at org.testng.internal.Invoker.invokeConfigurationMethod(Invoker.java:510)
	at org.testng.internal.Invoker.invokeConfigurations(Invoker.java:211)
	at org.testng.internal.Invoker.invokeMethod(Invoker.java:703)
	at org.testng.internal.Invoker.retryFailed(Invoker.java:963)
	at org.testng.internal.Invoker.invokeTestMethods(Invoker.java:1142)
	at org.testng.internal.TestMethodWorker.invokeTestMethods(TestMethodWorker.java:125)
	at org.testng.internal.TestMethodWorker.run(TestMethodWorker.java:108)
	at java.util.concurrent.ThreadPoolExecutor.runWorker(ThreadPoolExecutor.java:1142)
	at java.util.concurrent.ThreadPoolExecutor$Worker.run(ThreadPoolExecutor.java:617)
	at java.lang.Thread.run(Thread.java:745)
</pre></div></td>
<td>0</td>
<td>zeta.test.ZetaCmsSuite@5e5792a0</td></tr>
<tr>
<td title='zeta.test.DNISuite.tearDown()'><b>tearDown</b><br>Test class: zeta.test.DNISuite<br>Parameters: [TestResult name=createDIPage status=SKIP method=DNISuite.createDIPage()[pri:0, instance:zeta.test.DNISuite@26653222] output={null}], browserstack, edge, corp_windows.json</td>
<td><div><pre>java.lang.NullPointerException
	at zeta.utilities.ZetaTestDriver.tearDown(ZetaTestDriver.java:96)
	at java.util.concurrent.ThreadPoolExecutor.runWorker(ThreadPoolExecutor.java:1142)
	at java.util.concurrent.ThreadPoolExecutor$Worker.run(ThreadPoolExecutor.java:617)
	at java.lang.Thread.run(Thread.java:745)
... Removed 12 stack frames</pre></div><a href='#' onClick='toggleBox("stack-trace722639463", this, "Click to show all stack frames", "Click to hide stack frames")'>Click to show all stack frames</a>
<div class='stack-trace' id='stack-trace722639463'><pre>java.lang.NullPointerException
	at zeta.utilities.ZetaTestDriver.tearDown(ZetaTestDriver.java:96)
	at sun.reflect.NativeMethodAccessorImpl.invoke0(Native Method)
	at sun.reflect.NativeMethodAccessorImpl.invoke(NativeMethodAccessorImpl.java:62)
	at sun.reflect.DelegatingMethodAccessorImpl.invoke(DelegatingMethodAccessorImpl.java:43)
	at java.lang.reflect.Method.invoke(Method.java:498)
	at org.testng.internal.MethodInvocationHelper.invokeMethod(MethodInvocationHelper.java:85)
	at org.testng.internal.Invoker.invokeConfigurationMethod(Invoker.java:510)
	at org.testng.internal.Invoker.invokeConfigurations(Invoker.java:211)
	at org.testng.internal.Invoker.invokeMethod(Invoker.java:703)
	at org.testng.internal.Invoker.retryFailed(Invoker.java:963)
	at org.testng.internal.Invoker.invokeTestMethods(Invoker.java:1142)
	at org.testng.internal.TestMethodWorker.invokeTestMethods(TestMethodWorker.java:125)
	at org.testng.internal.TestMethodWorker.run(TestMethodWorker.java:108)
	at java.util.concurrent.ThreadPoolExecutor.runWorker(ThreadPoolExecutor.java:1142)
	at java.util.concurrent.ThreadPoolExecutor$Worker.run(ThreadPoolExecutor.java:617)
	at java.lang.Thread.run(Thread.java:745)
</pre></div></td>
<td>0</td>
<td>zeta.test.DNISuite@26653222</td></tr>
<tr>
<td title='zeta.test.ZetaCmsSuite.tearDown()'><b>tearDown</b><br>Test class: zeta.test.ZetaCmsSuite<br>Parameters: [TestResult name=zetaPersonPage status=SKIP method=ZetaCmsSuite.zetaPersonPage()[pri:2, instance:zeta.test.ZetaCmsSuite@5e5792a0] output={null}], browserstack, edge, corp_windows.json</td>
<td><div><pre>java.lang.NullPointerException
	at zeta.utilities.ZetaTestDriver.tearDown(ZetaTestDriver.java:96)
	at java.util.concurrent.ThreadPoolExecutor.runWorker(ThreadPoolExecutor.java:1142)
	at java.util.concurrent.ThreadPoolExecutor$Worker.run(ThreadPoolExecutor.java:617)
	at java.lang.Thread.run(Thread.java:745)
... Removed 12 stack frames</pre></div><a href='#' onClick='toggleBox("stack-trace395779795", this, "Click to show all stack frames", "Click to hide stack frames")'>Click to show all stack frames</a>
<div class='stack-trace' id='stack-trace395779795'><pre>java.lang.NullPointerException
	at zeta.utilities.ZetaTestDriver.tearDown(ZetaTestDriver.java:96)
	at sun.reflect.NativeMethodAccessorImpl.invoke0(Native Method)
	at sun.reflect.NativeMethodAccessorImpl.invoke(NativeMethodAccessorImpl.java:62)
	at sun.reflect.DelegatingMethodAccessorImpl.invoke(DelegatingMethodAccessorImpl.java:43)
	at java.lang.reflect.Method.invoke(Method.java:498)
	at org.testng.internal.MethodInvocationHelper.invokeMethod(MethodInvocationHelper.java:85)
	at org.testng.internal.Invoker.invokeConfigurationMethod(Invoker.java:510)
	at org.testng.internal.Invoker.invokeConfigurations(Invoker.java:211)
	at org.testng.internal.Invoker.invokeMethod(Invoker.java:703)
	at org.testng.internal.Invoker.retryFailed(Invoker.java:963)
	at org.testng.internal.Invoker.invokeTestMethods(Invoker.java:1142)
	at org.testng.internal.TestMethodWorker.invokeTestMethods(TestMethodWorker.java:125)
	at org.testng.internal.TestMethodWorker.run(TestMethodWorker.java:108)
	at java.util.concurrent.ThreadPoolExecutor.runWorker(ThreadPoolExecutor.java:1142)
	at java.util.concurrent.ThreadPoolExecutor$Worker.run(ThreadPoolExecutor.java:617)
	at java.lang.Thread.run(Thread.java:745)
</pre></div></td>
<td>0</td>
<td>zeta.test.ZetaCmsSuite@5e5792a0</td></tr>
</table><p>
<table width='100%' border='1' class='invocation-failed'>
<tr><td colspan='4' align='center'><b>FAILED TESTS</b></td></tr>
<tr><td><b>Test method</b></td>
<td width="30%"><b>Exception</b></td>
<td width="10%"><b>Time (seconds)</b></td>
<td><b>Instance</b></td>
</tr>
<tr>
<td title='zeta.test.ZetaCmsSuite.dashBoard()'><b>dashBoard</b><br>Test class: zeta.test.ZetaCmsSuite<br>Parameters: dni</td>
<td><div><pre>java.lang.AssertionError: Name of the user is displayed under the project name, expected user name &apos;TestingAcct_01&apos; actual displayed &apos;TestingAcct_01 &apos;. expected [true] but found [false]
	at zeta.utilities.Report.runStep(Report.java:35)
	at zeta.pages.ZetaCMS.validateDashboard(ZetaCMS.java:69)
	at zeta.test.ZetaCmsSuite.dashBoard(ZetaCmsSuite.java:32)
	at java.util.concurrent.ThreadPoolExecutor.runWorker(ThreadPoolExecutor.java:1142)
	at java.util.concurrent.ThreadPoolExecutor$Worker.run(ThreadPoolExecutor.java:617)
	at java.lang.Thread.run(Thread.java:745)
... Removed 13 stack frames</pre></div><a href='#' onClick='toggleBox("stack-trace362725461", this, "Click to show all stack frames", "Click to hide stack frames")'>Click to show all stack frames</a>
<div class='stack-trace' id='stack-trace362725461'><pre>java.lang.AssertionError: Name of the user is displayed under the project name, expected user name &apos;TestingAcct_01&apos; actual displayed &apos;TestingAcct_01 &apos;. expected [true] but found [false]
	at org.testng.Assert.fail(Assert.java:94)
	at org.testng.Assert.failNotEquals(Assert.java:496)
	at org.testng.Assert.assertTrue(Assert.java:42)
	at zeta.utilities.Report.runStep(Report.java:35)
	at zeta.pages.ZetaCMS.validateDashboard(ZetaCMS.java:69)
	at zeta.test.ZetaCmsSuite.dashBoard(ZetaCmsSuite.java:32)
	at sun.reflect.NativeMethodAccessorImpl.invoke0(Native Method)
	at sun.reflect.NativeMethodAccessorImpl.invoke(NativeMethodAccessorImpl.java:62)
	at sun.reflect.DelegatingMethodAccessorImpl.invoke(DelegatingMethodAccessorImpl.java:43)
	at java.lang.reflect.Method.invoke(Method.java:498)
	at org.testng.internal.MethodInvocationHelper.invokeMethod(MethodInvocationHelper.java:85)
	at org.testng.internal.Invoker.invokeMethod(Invoker.java:639)
	at org.testng.internal.Invoker.retryFailed(Invoker.java:963)
	at org.testng.internal.Invoker.invokeTestMethods(Invoker.java:1142)
	at org.testng.internal.TestMethodWorker.invokeTestMethods(TestMethodWorker.java:125)
	at org.testng.internal.TestMethodWorker.run(TestMethodWorker.java:108)
	at java.util.concurrent.ThreadPoolExecutor.runWorker(ThreadPoolExecutor.java:1142)
	at java.util.concurrent.ThreadPoolExecutor$Worker.run(ThreadPoolExecutor.java:617)
	at java.lang.Thread.run(Thread.java:745)
</pre></div></td>
<td>4</td>
<td>zeta.test.ZetaCmsSuite@5e5792a0</td></tr>
</table><p>
<table width='100%' border='1' class='invocation-skipped'>
<tr><td colspan='4' align='center'><b>SKIPPED TESTS</b></td></tr>
<tr><td><b>Test method</b></td>
<td width="30%"><b>Exception</b></td>
<td width="10%"><b>Time (seconds)</b></td>
<td><b>Instance</b></td>
</tr>
<tr>
<td title='zeta.test.DNISuite.createDIPage()'><b>createDIPage</b><br>Test class: zeta.test.DNISuite</td>
<td><div><pre>java.lang.AssertionError: Expected condition failed: waiting for visibility of element located by By.xpath: //li/a[@title=&apos;Documents&apos;] (tried for 90 second(s) with 500 MILLISECONDS interval)
Build info: version: &apos;3.4.0&apos;, revision: &apos;unknown&apos;, time: &apos;unknown&apos;
System info: host: &apos;PATAPL-G5SSZF2&apos;, ip: &apos;10.36.144.67&apos;, os.name: &apos;Windows 10&apos;, os.arch: &apos;amd64&apos;, os.version: &apos;10.0&apos;, java.version: &apos;1.8.0_121&apos;
Driver info: org.openqa.selenium.remote.RemoteWebDriver
Capabilities [{applicationCacheEnabled=true, pageLoadStrategy=normal, platform=ANY, acceptSslCerts=true, webdriver.remote.sessionid=3052b7ee63d13c7b19079d97782fe7eb814186b6, browserVersion=40.15063.0.0, platformVersion=10, locationContextEnabled=true, webStorageEnabled=true, browserName=MicrosoftEdge, takesScreenshot=true, takesElementScreenshot=true, javascriptEnabled=true, platformName=windows, cssSelectorsEnabled=true}]
Session ID: 3052b7ee63d13c7b19079d97782fe7eb814186b6
	at zeta.pages.Page.waitFail(Page.java:323)
	at zeta.pages.ZetaCMS.navigateToDocuments(ZetaCMS.java:176)
	at zeta.test.DNISuite.createDIPage(DNISuite.java:19)
	at java.util.concurrent.ThreadPoolExecutor.runWorker(ThreadPoolExecutor.java:1142)
	at java.util.concurrent.ThreadPoolExecutor$Worker.run(ThreadPoolExecutor.java:617)
	at java.lang.Thread.run(Thread.java:745)
... Removed 11 stack frames</pre></div><a href='#' onClick='toggleBox("stack-trace699588185", this, "Click to show all stack frames", "Click to hide stack frames")'>Click to show all stack frames</a>
<div class='stack-trace' id='stack-trace699588185'><pre>java.lang.AssertionError: Expected condition failed: waiting for visibility of element located by By.xpath: //li/a[@title=&apos;Documents&apos;] (tried for 90 second(s) with 500 MILLISECONDS interval)
Build info: version: &apos;3.4.0&apos;, revision: &apos;unknown&apos;, time: &apos;unknown&apos;
System info: host: &apos;PATAPL-G5SSZF2&apos;, ip: &apos;10.36.144.67&apos;, os.name: &apos;Windows 10&apos;, os.arch: &apos;amd64&apos;, os.version: &apos;10.0&apos;, java.version: &apos;1.8.0_121&apos;
Driver info: org.openqa.selenium.remote.RemoteWebDriver
Capabilities [{applicationCacheEnabled=true, pageLoadStrategy=normal, platform=ANY, acceptSslCerts=true, webdriver.remote.sessionid=3052b7ee63d13c7b19079d97782fe7eb814186b6, browserVersion=40.15063.0.0, platformVersion=10, locationContextEnabled=true, webStorageEnabled=true, browserName=MicrosoftEdge, takesScreenshot=true, takesElementScreenshot=true, javascriptEnabled=true, platformName=windows, cssSelectorsEnabled=true}]
Session ID: 3052b7ee63d13c7b19079d97782fe7eb814186b6
	at org.testng.Assert.fail(Assert.java:94)
	at zeta.pages.Page.waitFail(Page.java:323)
	at zeta.pages.ZetaCMS.navigateToDocuments(ZetaCMS.java:176)
	at zeta.test.DNISuite.createDIPage(DNISuite.java:19)
	at sun.reflect.NativeMethodAccessorImpl.invoke0(Native Method)
	at sun.reflect.NativeMethodAccessorImpl.invoke(NativeMethodAccessorImpl.java:62)
	at sun.reflect.DelegatingMethodAccessorImpl.invoke(DelegatingMethodAccessorImpl.java:43)
	at java.lang.reflect.Method.invoke(Method.java:498)
	at org.testng.internal.MethodInvocationHelper.invokeMethod(MethodInvocationHelper.java:85)
	at org.testng.internal.Invoker.invokeMethod(Invoker.java:639)
	at org.testng.internal.Invoker.invokeTestMethod(Invoker.java:816)
	at org.testng.internal.Invoker.invokeTestMethods(Invoker.java:1124)
	at org.testng.internal.TestMethodWorker.invokeTestMethods(TestMethodWorker.java:125)
	at org.testng.internal.TestMethodWorker.run(TestMethodWorker.java:108)
	at java.util.concurrent.ThreadPoolExecutor.runWorker(ThreadPoolExecutor.java:1142)
	at java.util.concurrent.ThreadPoolExecutor$Worker.run(ThreadPoolExecutor.java:617)
	at java.lang.Thread.run(Thread.java:745)
</pre></div></td>
<td>180</td>
<td>zeta.test.DNISuite@26653222</td></tr>
<tr>
<td title='zeta.test.DNISuite.createDIPage()'><b>createDIPage</b><br>Test class: zeta.test.DNISuite</td>
<td><div><pre>java.lang.AssertionError: Expected condition failed: waiting for visibility of element located by By.xpath: //div[@id = &apos;zeta_media_img_list&apos;]/div/div[@class=&apos;thumbnail&apos;]/div/h3 (tried for 90 second(s) with 500 MILLISECONDS interval)
	at zeta.pages.Page.waitFail(Page.java:323)
	at zeta.pages.Media.imageTitle(Media.java:306)
	at zeta.test.DNISuite.createDIPage(DNISuite.java:15)
	at java.util.concurrent.ThreadPoolExecutor.runWorker(ThreadPoolExecutor.java:1142)
	at java.util.concurrent.ThreadPoolExecutor$Worker.run(ThreadPoolExecutor.java:617)
	at java.lang.Thread.run(Thread.java:745)
... Removed 11 stack frames</pre></div><a href='#' onClick='toggleBox("stack-trace1802181324", this, "Click to show all stack frames", "Click to hide stack frames")'>Click to show all stack frames</a>
<div class='stack-trace' id='stack-trace1802181324'><pre>java.lang.AssertionError: Expected condition failed: waiting for visibility of element located by By.xpath: //div[@id = &apos;zeta_media_img_list&apos;]/div/div[@class=&apos;thumbnail&apos;]/div/h3 (tried for 90 second(s) with 500 MILLISECONDS interval)
	at org.testng.Assert.fail(Assert.java:94)
	at zeta.pages.Page.waitFail(Page.java:323)
	at zeta.pages.Media.imageTitle(Media.java:306)
	at zeta.test.DNISuite.createDIPage(DNISuite.java:15)
	at sun.reflect.NativeMethodAccessorImpl.invoke0(Native Method)
	at sun.reflect.NativeMethodAccessorImpl.invoke(NativeMethodAccessorImpl.java:62)
	at sun.reflect.DelegatingMethodAccessorImpl.invoke(DelegatingMethodAccessorImpl.java:43)
	at java.lang.reflect.Method.invoke(Method.java:498)
	at org.testng.internal.MethodInvocationHelper.invokeMethod(MethodInvocationHelper.java:85)
	at org.testng.internal.Invoker.invokeMethod(Invoker.java:639)
	at org.testng.internal.Invoker.retryFailed(Invoker.java:963)
	at org.testng.internal.Invoker.invokeTestMethods(Invoker.java:1142)
	at org.testng.internal.TestMethodWorker.invokeTestMethods(TestMethodWorker.java:125)
	at org.testng.internal.TestMethodWorker.run(TestMethodWorker.java:108)
	at java.util.concurrent.ThreadPoolExecutor.runWorker(ThreadPoolExecutor.java:1142)
	at java.util.concurrent.ThreadPoolExecutor$Worker.run(ThreadPoolExecutor.java:617)
	at java.lang.Thread.run(Thread.java:745)
</pre></div></td>
<td>96</td>
<td>zeta.test.DNISuite@26653222</td></tr>
<tr>
<td title='zeta.test.DNISuite.createDIPage()'><b>createDIPage</b><br>Test class: zeta.test.DNISuite</td>
<td></td>
<td>0</td>
<td>zeta.test.DNISuite@26653222</td></tr>
<tr>
<td title='zeta.test.ZetaCmsSuite.createNewDocDefAndDocument()'><b>createNewDocDefAndDocument</b><br>Test class: zeta.test.ZetaCmsSuite</td>
<td><div><pre>java.lang.AssertionError: Expected condition failed: waiting for visibility of Proxy element for: DefaultElementLocator &apos;By.cssSelector: .navbar-brand&apos; (tried for 90 second(s) with 500 MILLISECONDS interval)
	at zeta.pages.Page.waitFail(Page.java:323)
	at zeta.pages.DocumentDefinitions.createNewDocDefinition(DocumentDefinitions.java:112)
	at zeta.test.ZetaCmsSuite.createNewDocDefAndDocument(ZetaCmsSuite.java:41)
	at java.util.concurrent.ThreadPoolExecutor.runWorker(ThreadPoolExecutor.java:1142)
	at java.util.concurrent.ThreadPoolExecutor$Worker.run(ThreadPoolExecutor.java:617)
	at java.lang.Thread.run(Thread.java:745)
... Removed 11 stack frames</pre></div><a href='#' onClick='toggleBox("stack-trace389157980", this, "Click to show all stack frames", "Click to hide stack frames")'>Click to show all stack frames</a>
<div class='stack-trace' id='stack-trace389157980'><pre>java.lang.AssertionError: Expected condition failed: waiting for visibility of Proxy element for: DefaultElementLocator &apos;By.cssSelector: .navbar-brand&apos; (tried for 90 second(s) with 500 MILLISECONDS interval)
	at org.testng.Assert.fail(Assert.java:94)
	at zeta.pages.Page.waitFail(Page.java:323)
	at zeta.pages.DocumentDefinitions.createNewDocDefinition(DocumentDefinitions.java:112)
	at zeta.test.ZetaCmsSuite.createNewDocDefAndDocument(ZetaCmsSuite.java:41)
	at sun.reflect.NativeMethodAccessorImpl.invoke0(Native Method)
	at sun.reflect.NativeMethodAccessorImpl.invoke(NativeMethodAccessorImpl.java:62)
	at sun.reflect.DelegatingMethodAccessorImpl.invoke(DelegatingMethodAccessorImpl.java:43)
	at java.lang.reflect.Method.invoke(Method.java:498)
	at org.testng.internal.MethodInvocationHelper.invokeMethod(MethodInvocationHelper.java:85)
	at org.testng.internal.Invoker.invokeMethod(Invoker.java:639)
	at org.testng.internal.Invoker.invokeTestMethod(Invoker.java:816)
	at org.testng.internal.Invoker.invokeTestMethods(Invoker.java:1124)
	at org.testng.internal.TestMethodWorker.invokeTestMethods(TestMethodWorker.java:125)
	at org.testng.internal.TestMethodWorker.run(TestMethodWorker.java:108)
	at java.util.concurrent.ThreadPoolExecutor.runWorker(ThreadPoolExecutor.java:1142)
	at java.util.concurrent.ThreadPoolExecutor$Worker.run(ThreadPoolExecutor.java:617)
	at java.lang.Thread.run(Thread.java:745)
</pre></div></td>
<td>116</td>
<td>zeta.test.ZetaCmsSuite@5e5792a0</td></tr>
<tr>
<td title='zeta.test.ZetaCmsSuite.createNewDocDefAndDocument()'><b>createNewDocDefAndDocument</b><br>Test class: zeta.test.ZetaCmsSuite</td>
<td><div><pre>java.lang.AssertionError: The following: field &apos;WYSIWYG&apos; with title &apos;wysiwyg&apos; field &apos;Image Selector&apos; with title &apos;image&apos; field &apos;Textarea&apos; with title &apos;textarea&apos;, was added to the docdef &apos;AutoDocDef5047380&apos;. expected [true] but found [false]
	at zeta.utilities.Report.runStep(Report.java:35)
	at zeta.pages.DocumentDefinitions.addFields(DocumentDefinitions.java:232)
	at zeta.test.ZetaCmsSuite.createNewDocDefAndDocument(ZetaCmsSuite.java:42)
	at java.util.concurrent.ThreadPoolExecutor.runWorker(ThreadPoolExecutor.java:1142)
	at java.util.concurrent.ThreadPoolExecutor$Worker.run(ThreadPoolExecutor.java:617)
	at java.lang.Thread.run(Thread.java:745)
... Removed 13 stack frames</pre></div><a href='#' onClick='toggleBox("stack-trace1319148894", this, "Click to show all stack frames", "Click to hide stack frames")'>Click to show all stack frames</a>
<div class='stack-trace' id='stack-trace1319148894'><pre>java.lang.AssertionError: The following: field &apos;WYSIWYG&apos; with title &apos;wysiwyg&apos; field &apos;Image Selector&apos; with title &apos;image&apos; field &apos;Textarea&apos; with title &apos;textarea&apos;, was added to the docdef &apos;AutoDocDef5047380&apos;. expected [true] but found [false]
	at org.testng.Assert.fail(Assert.java:94)
	at org.testng.Assert.failNotEquals(Assert.java:496)
	at org.testng.Assert.assertTrue(Assert.java:42)
	at zeta.utilities.Report.runStep(Report.java:35)
	at zeta.pages.DocumentDefinitions.addFields(DocumentDefinitions.java:232)
	at zeta.test.ZetaCmsSuite.createNewDocDefAndDocument(ZetaCmsSuite.java:42)
	at sun.reflect.NativeMethodAccessorImpl.invoke0(Native Method)
	at sun.reflect.NativeMethodAccessorImpl.invoke(NativeMethodAccessorImpl.java:62)
	at sun.reflect.DelegatingMethodAccessorImpl.invoke(DelegatingMethodAccessorImpl.java:43)
	at java.lang.reflect.Method.invoke(Method.java:498)
	at org.testng.internal.MethodInvocationHelper.invokeMethod(MethodInvocationHelper.java:85)
	at org.testng.internal.Invoker.invokeMethod(Invoker.java:639)
	at org.testng.internal.Invoker.retryFailed(Invoker.java:963)
	at org.testng.internal.Invoker.invokeTestMethods(Invoker.java:1142)
	at org.testng.internal.TestMethodWorker.invokeTestMethods(TestMethodWorker.java:125)
	at org.testng.internal.TestMethodWorker.run(TestMethodWorker.java:108)
	at java.util.concurrent.ThreadPoolExecutor.runWorker(ThreadPoolExecutor.java:1142)
	at java.util.concurrent.ThreadPoolExecutor$Worker.run(ThreadPoolExecutor.java:617)
	at java.lang.Thread.run(Thread.java:745)
</pre></div></td>
<td>105</td>
<td>zeta.test.ZetaCmsSuite@5e5792a0</td></tr>
<tr>
<td title='zeta.test.ZetaCmsSuite.createNewDocDefAndDocument()'><b>createNewDocDefAndDocument</b><br>Test class: zeta.test.ZetaCmsSuite</td>
<td></td>
<td>0</td>
<td>zeta.test.ZetaCmsSuite@5e5792a0</td></tr>
<tr>
<td title='zeta.test.ZetaCmsSuite.dashBoard()'><b>dashBoard</b><br>Test class: zeta.test.ZetaCmsSuite<br>Parameters: dni</td>
<td><div><pre>java.lang.AssertionError: Name of the user is displayed under the project name, expected user name &apos;TestingAcct_01&apos; actual displayed &apos;TestingAcct_01 &apos;. expected [true] but found [false]
	at zeta.utilities.Report.runStep(Report.java:35)
	at zeta.pages.ZetaCMS.validateDashboard(ZetaCMS.java:69)
	at zeta.test.ZetaCmsSuite.dashBoard(ZetaCmsSuite.java:32)
	at java.util.concurrent.ThreadPoolExecutor.runWorker(ThreadPoolExecutor.java:1142)
	at java.util.concurrent.ThreadPoolExecutor$Worker.run(ThreadPoolExecutor.java:617)
	at java.lang.Thread.run(Thread.java:745)
... Removed 13 stack frames</pre></div><a href='#' onClick='toggleBox("stack-trace612618702", this, "Click to show all stack frames", "Click to hide stack frames")'>Click to show all stack frames</a>
<div class='stack-trace' id='stack-trace612618702'><pre>java.lang.AssertionError: Name of the user is displayed under the project name, expected user name &apos;TestingAcct_01&apos; actual displayed &apos;TestingAcct_01 &apos;. expected [true] but found [false]
	at org.testng.Assert.fail(Assert.java:94)
	at org.testng.Assert.failNotEquals(Assert.java:496)
	at org.testng.Assert.assertTrue(Assert.java:42)
	at zeta.utilities.Report.runStep(Report.java:35)
	at zeta.pages.ZetaCMS.validateDashboard(ZetaCMS.java:69)
	at zeta.test.ZetaCmsSuite.dashBoard(ZetaCmsSuite.java:32)
	at sun.reflect.NativeMethodAccessorImpl.invoke0(Native Method)
	at sun.reflect.NativeMethodAccessorImpl.invoke(NativeMethodAccessorImpl.java:62)
	at sun.reflect.DelegatingMethodAccessorImpl.invoke(DelegatingMethodAccessorImpl.java:43)
	at java.lang.reflect.Method.invoke(Method.java:498)
	at org.testng.internal.MethodInvocationHelper.invokeMethod(MethodInvocationHelper.java:85)
	at org.testng.internal.Invoker.invokeMethod(Invoker.java:639)
	at org.testng.internal.Invoker.invokeTestMethod(Invoker.java:816)
	at org.testng.internal.Invoker.invokeTestMethods(Invoker.java:1124)
	at org.testng.internal.TestMethodWorker.invokeTestMethods(TestMethodWorker.java:125)
	at org.testng.internal.TestMethodWorker.run(TestMethodWorker.java:108)
	at java.util.concurrent.ThreadPoolExecutor.runWorker(ThreadPoolExecutor.java:1142)
	at java.util.concurrent.ThreadPoolExecutor$Worker.run(ThreadPoolExecutor.java:617)
	at java.lang.Thread.run(Thread.java:745)
</pre></div></td>
<td>7</td>
<td>zeta.test.ZetaCmsSuite@5e5792a0</td></tr>
<tr>
<td title='zeta.test.ZetaCmsSuite.dashBoard()'><b>dashBoard</b><br>Test class: zeta.test.ZetaCmsSuite<br>Parameters: dni</td>
<td><div><pre>java.lang.AssertionError: Name of the user is displayed under the project name, expected user name &apos;TestingAcct_01&apos; actual displayed &apos;TestingAcct_01 &apos;. expected [true] but found [false]
	at zeta.utilities.Report.runStep(Report.java:35)
	at zeta.pages.ZetaCMS.validateDashboard(ZetaCMS.java:69)
	at zeta.test.ZetaCmsSuite.dashBoard(ZetaCmsSuite.java:32)
	at java.util.concurrent.ThreadPoolExecutor.runWorker(ThreadPoolExecutor.java:1142)
	at java.util.concurrent.ThreadPoolExecutor$Worker.run(ThreadPoolExecutor.java:617)
	at java.lang.Thread.run(Thread.java:745)
... Removed 13 stack frames</pre></div><a href='#' onClick='toggleBox("stack-trace163474415", this, "Click to show all stack frames", "Click to hide stack frames")'>Click to show all stack frames</a>
<div class='stack-trace' id='stack-trace163474415'><pre>java.lang.AssertionError: Name of the user is displayed under the project name, expected user name &apos;TestingAcct_01&apos; actual displayed &apos;TestingAcct_01 &apos;. expected [true] but found [false]
	at org.testng.Assert.fail(Assert.java:94)
	at org.testng.Assert.failNotEquals(Assert.java:496)
	at org.testng.Assert.assertTrue(Assert.java:42)
	at zeta.utilities.Report.runStep(Report.java:35)
	at zeta.pages.ZetaCMS.validateDashboard(ZetaCMS.java:69)
	at zeta.test.ZetaCmsSuite.dashBoard(ZetaCmsSuite.java:32)
	at sun.reflect.NativeMethodAccessorImpl.invoke0(Native Method)
	at sun.reflect.NativeMethodAccessorImpl.invoke(NativeMethodAccessorImpl.java:62)
	at sun.reflect.DelegatingMethodAccessorImpl.invoke(DelegatingMethodAccessorImpl.java:43)
	at java.lang.reflect.Method.invoke(Method.java:498)
	at org.testng.internal.MethodInvocationHelper.invokeMethod(MethodInvocationHelper.java:85)
	at org.testng.internal.Invoker.invokeMethod(Invoker.java:639)
	at org.testng.internal.Invoker.retryFailed(Invoker.java:963)
	at org.testng.internal.Invoker.invokeTestMethods(Invoker.java:1142)
	at org.testng.internal.TestMethodWorker.invokeTestMethods(TestMethodWorker.java:125)
	at org.testng.internal.TestMethodWorker.run(TestMethodWorker.java:108)
	at java.util.concurrent.ThreadPoolExecutor.runWorker(ThreadPoolExecutor.java:1142)
	at java.util.concurrent.ThreadPoolExecutor$Worker.run(ThreadPoolExecutor.java:617)
	at java.lang.Thread.run(Thread.java:745)
</pre></div></td>
<td>3</td>
<td>zeta.test.ZetaCmsSuite@5e5792a0</td></tr>
<tr>
<td title='zeta.test.ZetaCmsSuite.zetaPersonPage()'><b>zetaPersonPage</b><br>Test class: zeta.test.ZetaCmsSuite</td>
<td><div><pre>java.lang.AssertionError: Expected condition failed: waiting for visibility of element located by By.xpath: //div[contains(@class, &apos;selectize-dropdown&apos;)]/div/div[@class=&apos;active&apos;] (tried for 90 second(s) with 500 MILLISECONDS interval)
	at zeta.pages.Page.waitFail(Page.java:323)
	at zeta.pages.People.addPeople(People.java:101)
	at zeta.test.ZetaCmsSuite.zetaPersonPage(ZetaCmsSuite.java:70)
	at java.util.concurrent.ThreadPoolExecutor.runWorker(ThreadPoolExecutor.java:1142)
	at java.util.concurrent.ThreadPoolExecutor$Worker.run(ThreadPoolExecutor.java:617)
	at java.lang.Thread.run(Thread.java:745)
... Removed 11 stack frames</pre></div><a href='#' onClick='toggleBox("stack-trace213930495", this, "Click to show all stack frames", "Click to hide stack frames")'>Click to show all stack frames</a>
<div class='stack-trace' id='stack-trace213930495'><pre>java.lang.AssertionError: Expected condition failed: waiting for visibility of element located by By.xpath: //div[contains(@class, &apos;selectize-dropdown&apos;)]/div/div[@class=&apos;active&apos;] (tried for 90 second(s) with 500 MILLISECONDS interval)
	at org.testng.Assert.fail(Assert.java:94)
	at zeta.pages.Page.waitFail(Page.java:323)
	at zeta.pages.People.addPeople(People.java:101)
	at zeta.test.ZetaCmsSuite.zetaPersonPage(ZetaCmsSuite.java:70)
	at sun.reflect.NativeMethodAccessorImpl.invoke0(Native Method)
	at sun.reflect.NativeMethodAccessorImpl.invoke(NativeMethodAccessorImpl.java:62)
	at sun.reflect.DelegatingMethodAccessorImpl.invoke(DelegatingMethodAccessorImpl.java:43)
	at java.lang.reflect.Method.invoke(Method.java:498)
	at org.testng.internal.MethodInvocationHelper.invokeMethod(MethodInvocationHelper.java:85)
	at org.testng.internal.Invoker.invokeMethod(Invoker.java:639)
	at org.testng.internal.Invoker.invokeTestMethod(Invoker.java:816)
	at org.testng.internal.Invoker.invokeTestMethods(Invoker.java:1124)
	at org.testng.internal.TestMethodWorker.invokeTestMethods(TestMethodWorker.java:125)
	at org.testng.internal.TestMethodWorker.run(TestMethodWorker.java:108)
	at java.util.concurrent.ThreadPoolExecutor.runWorker(ThreadPoolExecutor.java:1142)
	at java.util.concurrent.ThreadPoolExecutor$Worker.run(ThreadPoolExecutor.java:617)
	at java.lang.Thread.run(Thread.java:745)
</pre></div></td>
<td>107</td>
<td>zeta.test.ZetaCmsSuite@5e5792a0</td></tr>
<tr>
<td title='zeta.test.ZetaCmsSuite.zetaPersonPage()'><b>zetaPersonPage</b><br>Test class: zeta.test.ZetaCmsSuite</td>
<td><div><pre>java.lang.AssertionError: Expected condition failed: waiting for visibility of element located by By.xpath: //div[contains(@class, &apos;selectize-dropdown&apos;)]/div/div[@class=&apos;active&apos;] (tried for 90 second(s) with 500 MILLISECONDS interval)
	at zeta.pages.Page.waitFail(Page.java:323)
	at zeta.pages.People.addPeople(People.java:101)
	at zeta.test.ZetaCmsSuite.zetaPersonPage(ZetaCmsSuite.java:70)
	at java.util.concurrent.ThreadPoolExecutor.runWorker(ThreadPoolExecutor.java:1142)
	at java.util.concurrent.ThreadPoolExecutor$Worker.run(ThreadPoolExecutor.java:617)
	at java.lang.Thread.run(Thread.java:745)
... Removed 11 stack frames</pre></div><a href='#' onClick='toggleBox("stack-trace585829004", this, "Click to show all stack frames", "Click to hide stack frames")'>Click to show all stack frames</a>
<div class='stack-trace' id='stack-trace585829004'><pre>java.lang.AssertionError: Expected condition failed: waiting for visibility of element located by By.xpath: //div[contains(@class, &apos;selectize-dropdown&apos;)]/div/div[@class=&apos;active&apos;] (tried for 90 second(s) with 500 MILLISECONDS interval)
	at org.testng.Assert.fail(Assert.java:94)
	at zeta.pages.Page.waitFail(Page.java:323)
	at zeta.pages.People.addPeople(People.java:101)
	at zeta.test.ZetaCmsSuite.zetaPersonPage(ZetaCmsSuite.java:70)
	at sun.reflect.NativeMethodAccessorImpl.invoke0(Native Method)
	at sun.reflect.NativeMethodAccessorImpl.invoke(NativeMethodAccessorImpl.java:62)
	at sun.reflect.DelegatingMethodAccessorImpl.invoke(DelegatingMethodAccessorImpl.java:43)
	at java.lang.reflect.Method.invoke(Method.java:498)
	at org.testng.internal.MethodInvocationHelper.invokeMethod(MethodInvocationHelper.java:85)
	at org.testng.internal.Invoker.invokeMethod(Invoker.java:639)
	at org.testng.internal.Invoker.retryFailed(Invoker.java:963)
	at org.testng.internal.Invoker.invokeTestMethods(Invoker.java:1142)
	at org.testng.internal.TestMethodWorker.invokeTestMethods(TestMethodWorker.java:125)
	at org.testng.internal.TestMethodWorker.run(TestMethodWorker.java:108)
	at java.util.concurrent.ThreadPoolExecutor.runWorker(ThreadPoolExecutor.java:1142)
	at java.util.concurrent.ThreadPoolExecutor$Worker.run(ThreadPoolExecutor.java:617)
	at java.lang.Thread.run(Thread.java:745)
</pre></div></td>
<td>111</td>
<td>zeta.test.ZetaCmsSuite@5e5792a0</td></tr>
<tr>
<td title='zeta.test.ZetaCmsSuite.zetaPersonPage()'><b>zetaPersonPage</b><br>Test class: zeta.test.ZetaCmsSuite</td>
<td></td>
<td>0</td>
<td>zeta.test.ZetaCmsSuite@5e5792a0</td></tr>
</table><p>
</body>
</html>