<?xml version="1.0" encoding="UTF-8"?>
<!-- Generated by org.testng.reporters.JUnitXMLReporter -->
<testsuite hostname="patapl-G5SSZF2" name="zeta_CHROME" tests="1" failures="1" timestamp="25 Oct 2017 20:18:10 GMT" time="133.356" errors="0">
  <testcase name="alternateTextImageComponent" time="118.35" classname="zeta.test.ZetaCmsSuite">
    <failure type="java.lang.AssertionError" message="docdef was not published successfully. expected [true] but found [false]">
      <![CDATA[java.lang.AssertionError: docdef was not published successfully. expected [true] but found [false]
	at zeta.utilities.Report.runStep(Report.java:35)
	at zeta.pages.ZetaCMS.isPublished(ZetaCMS.java:394)
	at zeta.pages.ZetaCMS.publishContent(ZetaCMS.java:471)
	at zeta.pages.DocumentDefinitions.saveAndPublish(DocumentDefinitions.java:842)
	at zeta.test.ZetaCmsSuite.alternateTextImageComponent(ZetaCmsSuite.java:433)
	at java.util.concurrent.ThreadPoolExecutor.runWorker(ThreadPoolExecutor.java:1142)
	at java.util.concurrent.ThreadPoolExecutor$Worker.run(ThreadPoolExecutor.java:617)
	at java.lang.Thread.run(Thread.java:745)
... Removed 13 stack frames]]>
    </failure>
  </testcase> <!-- alternateTextImageComponent -->
</testsuite> <!-- zeta_CHROME -->
