<?xml version="1.0" encoding="UTF-8"?>
<!-- Generated by org.testng.reporters.JUnitXMLReporter -->
<testsuite hostname="patapl-G5SSZF2" name="BrowserSuite" tests="24" failures="2" timestamp="20 Oct 2017 18:20:45 GMT" time="4523.17" errors="0">
  <testcase name="createNewDocDefAndDocument" time="404.712" classname="zeta.test.ZetaCmsSuite">
    <skipped/>
  </testcase> <!-- createNewDocDefAndDocument -->
  <testcase name="createNewDocDefAndDocument" time="392.277" classname="zeta.test.ZetaCmsSuite"/>
  <testcase name="zetaPersonPage" time="138.304" classname="zeta.test.ZetaCmsSuite"/>
  <testcase name="uploadImageToMedia" time="36.788" classname="zeta.test.ZetaCmsSuite"/>
  <testcase name="uploadThenRemoveImageMedia" time="23.988" classname="zeta.test.ZetaCmsSuite"/>
  <testcase name="createNewWidgetAndDocDefAndDocument" time="69.931" classname="zeta.test.ZetaCmsSuite">
    <skipped/>
  </testcase> <!-- createNewWidgetAndDocDefAndDocument -->
  <testcase name="createNewWidgetAndDocDefAndDocument" time="70.951" classname="zeta.test.ZetaCmsSuite">
    <skipped/>
  </testcase> <!-- createNewWidgetAndDocDefAndDocument -->
  <testcase name="createNewWidgetAndDocDefAndDocument" time="69.125" classname="zeta.test.ZetaCmsSuite">
    <failure type="java.lang.AssertionError" message="Expected condition failed: waiting for visibility of element located by By.name: Properties.title (tried for 60 second(s) with 500 MILLISECONDS interval)">
      <![CDATA[java.lang.AssertionError: Expected condition failed: waiting for visibility of element located by By.name: Properties.title (tried for 60 second(s) with 500 MILLISECONDS interval)
	at zeta.pages.Page.waitFail(Unknown Source)
	at zeta.pages.Widgets.createWidget(Unknown Source)
	at zeta.test.ZetaCmsSuite.createNewWidgetAndDocDefAndDocument(Unknown Source)
... Removed 24 stack frames]]>
    </failure>
  </testcase> <!-- createNewWidgetAndDocDefAndDocument -->
  <testcase name="docDefUIValidations" time="195.89" classname="zeta.test.ZetaCmsSuite">
    <skipped/>
  </testcase> <!-- docDefUIValidations -->
  <testcase name="docDefUIValidations" time="166.176" classname="zeta.test.ZetaCmsSuite">
    <skipped/>
  </testcase> <!-- docDefUIValidations -->
  <testcase name="docDefUIValidations" time="174.602" classname="zeta.test.ZetaCmsSuite"/>
  <testcase name="documentUIValidations" time="56.477" classname="zeta.test.ZetaCmsSuite"/>
  <testcase name="createDocDefWithRepeator" time="466.251" classname="zeta.test.ZetaCmsSuite">
    <skipped/>
  </testcase> <!-- createDocDefWithRepeator -->
  <testcase name="createDocDefWithRepeator" time="418.846" classname="zeta.test.ZetaCmsSuite"/>
  <testcase name="createDeleteEnvironment" time="42.085" classname="zeta.test.ZetaCmsSuite"/>
  <testcase name="docDefEdition" time="146.36" classname="zeta.test.ZetaCmsSuite"/>
  <testcase name="documentEdition" time="171.107" classname="zeta.test.ZetaCmsSuite"/>
  <testcase name="importADocDef" time="89.328" classname="zeta.test.ZetaCmsSuite">
    <skipped/>
  </testcase> <!-- importADocDef -->
  <testcase name="importADocDef" time="96.043" classname="zeta.test.ZetaCmsSuite">
    <skipped/>
  </testcase> <!-- importADocDef -->
  <testcase name="importADocDef" time="88.732" classname="zeta.test.ZetaCmsSuite">
    <failure type="java.lang.AssertionError" message="Expected condition failed: waiting for alert to be present (tried for 60 second(s) with 500 MILLISECONDS interval)
Build info: version: &amp;apos;3.6.0&amp;apos;, revision: &amp;apos;6fbf3ec767&amp;apos;, time: &amp;apos;2017-09-27T16:15:26.402Z&amp;apos;
System info: host: &amp;apos;PATAPL-G5SSZF2&amp;apos;, ip: &amp;apos;10.36.104.38&amp;apos;, os.name: &amp;apos;Windows 10&amp;apos;, os.arch: &amp;apos;amd64&amp;apos;, os.version: &amp;apos;10.0&amp;apos;, java.version: &amp;apos;1.8.0_121&amp;apos;
Driver info: org.openqa.selenium.remote.RemoteWebDriver
Capabilities [{acceptInsecureCerts=false, browserVersion=11, se:ieOptions={nativeEvents=true, browserAttachTimeout=0, ie.ensureCleanSession=false, elementScrollBehavior=0, enablePersistentHover=true, ie.browserCommandLineSwitches=, ie.forceCreateProcessApi=false, requireWindowFocus=false, initialBrowserUrl=http://localhost:39938/, ignoreZoomSetting=false, ie.fileUploadDialogTimeout=3000, ignoreProtectedModeSettings=false}, browserName=internet explorer, pageLoadStrategy=normal, javascriptEnabled=true, platformName=WINDOWS, setWindowRect=true, platform=WINDOWS}]
Session ID: db3b0b75-07c1-4112-a383-80ae8de85197">
      <![CDATA[java.lang.AssertionError: Expected condition failed: waiting for alert to be present (tried for 60 second(s) with 500 MILLISECONDS interval)
Build info: version: '3.6.0', revision: '6fbf3ec767', time: '2017-09-27T16:15:26.402Z'
System info: host: 'PATAPL-G5SSZF2', ip: '10.36.104.38', os.name: 'Windows 10', os.arch: 'amd64', os.version: '10.0', java.version: '1.8.0_121'
Driver info: org.openqa.selenium.remote.RemoteWebDriver
Capabilities [{acceptInsecureCerts=false, browserVersion=11, se:ieOptions={nativeEvents=true, browserAttachTimeout=0, ie.ensureCleanSession=false, elementScrollBehavior=0, enablePersistentHover=true, ie.browserCommandLineSwitches=, ie.forceCreateProcessApi=false, requireWindowFocus=false, initialBrowserUrl=http://localhost:39938/, ignoreZoomSetting=false, ie.fileUploadDialogTimeout=3000, ignoreProtectedModeSettings=false}, browserName=internet explorer, pageLoadStrategy=normal, javascriptEnabled=true, platformName=WINDOWS, setWindowRect=true, platform=WINDOWS}]
Session ID: db3b0b75-07c1-4112-a383-80ae8de85197
	at zeta.pages.Page.waitFail(Unknown Source)
	at zeta.pages.DocumentDefinitions.importDocDef(Unknown Source)
	at zeta.test.ZetaCmsSuite.importADocDef(Unknown Source)
... Removed 24 stack frames]]>
    </failure>
  </testcase> <!-- importADocDef -->
  <testcase name="createJsAsset" time="70.113" classname="zeta.test.ZetaCmsSuite">
    <skipped/>
  </testcase> <!-- createJsAsset -->
  <testcase name="createJsAsset" time="92.217" classname="zeta.test.ZetaCmsSuite"/>
  <testcase name="createCssAsset" time="70.414" classname="zeta.test.ZetaCmsSuite">
    <skipped/>
  </testcase> <!-- createCssAsset -->
  <testcase name="createCssAsset" time="69.528" classname="zeta.test.ZetaCmsSuite">
    <skipped/>
  </testcase> <!-- createCssAsset -->
</testsuite> <!-- BrowserSuite -->
