<?xml version="1.0" encoding="UTF-8"?>
<testng-results skipped="0" failed="1" total="1" passed="0">
  <reporter-output>
  </reporter-output>
  <suite name="Zeta Automation Suite" duration-ms="133356" started-at="2017-10-25T20:15:56Z" finished-at="2017-10-25T20:18:10Z">
    <groups>
    </groups>
    <test name="zeta_CHROME" duration-ms="133356" started-at="2017-10-25T20:15:56Z" finished-at="2017-10-25T20:18:10Z">
      <class name="zeta.test.ZetaCmsSuite">
        <test-method status="PASS" signature="setUpTestRun(java.lang.String, java.lang.String, java.lang.String, java.lang.reflect.Method)[pri:0, instance:zeta.test.ZetaCmsSuite@42d80b78]" name="setUpTestRun" is-config="true" duration-ms="13724" started-at="2017-10-25T16:15:56Z" finished-at="2017-10-25T16:16:10Z">
          <params>
            <param index="0">
              <value>
                <![CDATA[chrome]]>
              </value>
            </param>
            <param index="1">
              <value>
                <![CDATA[windows]]>
              </value>
            </param>
            <param index="2">
              <value>
                <![CDATA[local]]>
              </value>
            </param>
            <param index="3">
              <value>
                <![CDATA[public void zeta.test.ZetaCmsSuite.alternateTextImageComponent() throws java.lang.Exception]]>
              </value>
            </param>
          </params>
          <reporter-output>
          </reporter-output>
        </test-method> <!-- setUpTestRun -->
        <test-method status="FAIL" signature="alternateTextImageComponent()[pri:20, instance:zeta.test.ZetaCmsSuite@42d80b78]" name="alternateTextImageComponent" duration-ms="118350" started-at="2017-10-25T16:16:10Z" finished-at="2017-10-25T16:18:08Z">
          <exception class="java.lang.AssertionError">
            <message>
              <![CDATA[docdef was not published successfully. expected [true] but found [false]]]>
            </message>
            <full-stacktrace>
              <![CDATA[java.lang.AssertionError: docdef was not published successfully. expected [true] but found [false]
	at org.testng.Assert.fail(Assert.java:94)
	at org.testng.Assert.failNotEquals(Assert.java:496)
	at org.testng.Assert.assertTrue(Assert.java:42)
	at zeta.utilities.Report.runStep(Report.java:35)
	at zeta.pages.ZetaCMS.isPublished(ZetaCMS.java:394)
	at zeta.pages.ZetaCMS.publishContent(ZetaCMS.java:471)
	at zeta.pages.DocumentDefinitions.saveAndPublish(DocumentDefinitions.java:842)
	at zeta.test.ZetaCmsSuite.alternateTextImageComponent(ZetaCmsSuite.java:433)
	at sun.reflect.NativeMethodAccessorImpl.invoke0(Native Method)
	at sun.reflect.NativeMethodAccessorImpl.invoke(NativeMethodAccessorImpl.java:62)
	at sun.reflect.DelegatingMethodAccessorImpl.invoke(DelegatingMethodAccessorImpl.java:43)
	at java.lang.reflect.Method.invoke(Method.java:498)
	at org.testng.internal.MethodInvocationHelper.invokeMethod(MethodInvocationHelper.java:85)
	at org.testng.internal.Invoker.invokeMethod(Invoker.java:639)
	at org.testng.internal.Invoker.invokeTestMethod(Invoker.java:816)
	at org.testng.internal.Invoker.invokeTestMethods(Invoker.java:1124)
	at org.testng.internal.TestMethodWorker.invokeTestMethods(TestMethodWorker.java:125)
	at org.testng.internal.TestMethodWorker.run(TestMethodWorker.java:108)
	at java.util.concurrent.ThreadPoolExecutor.runWorker(ThreadPoolExecutor.java:1142)
	at java.util.concurrent.ThreadPoolExecutor$Worker.run(ThreadPoolExecutor.java:617)
	at java.lang.Thread.run(Thread.java:745)
]]>
            </full-stacktrace>
          </exception> <!-- java.lang.AssertionError -->
          <reporter-output>
          </reporter-output>
        </test-method> <!-- alternateTextImageComponent -->
        <test-method status="PASS" signature="tearDown(org.testng.ITestResult, java.lang.String, java.lang.String, java.lang.String)[pri:0, instance:zeta.test.ZetaCmsSuite@42d80b78]" name="tearDown" is-config="true" duration-ms="40" started-at="2017-10-25T16:18:10Z" finished-at="2017-10-25T16:18:10Z">
          <params>
            <param index="0">
              <value>
                <![CDATA[[TestResult name=alternateTextImageComponent status=FAILURE method=ZetaCmsSuite.alternateTextImageComponent()[pri:20, instance:zeta.test.ZetaCmsSuite@42d80b78] output={null}]]]>
              </value>
            </param>
            <param index="1">
              <value>
                <![CDATA[local]]>
              </value>
            </param>
            <param index="2">
              <value>
                <![CDATA[chrome]]>
              </value>
            </param>
            <param index="3">
              <value>
                <![CDATA[windows]]>
              </value>
            </param>
          </params>
          <reporter-output>
          </reporter-output>
        </test-method> <!-- tearDown -->
      </class> <!-- zeta.test.ZetaCmsSuite -->
      <class name="zeta.utilities.ZetaTestDriver">
        <test-method status="PASS" signature="purgeData()[pri:0, instance:zeta.utilities.ZetaTestDriver@1e88b3c]" name="purgeData" is-config="true" duration-ms="533" started-at="2017-10-25T16:15:56Z" finished-at="2017-10-25T16:15:56Z">
          <reporter-output>
          </reporter-output>
        </test-method> <!-- purgeData -->
        <test-method status="PASS" signature="beforeSuite(org.testng.ITestContext, java.lang.String, java.lang.String, java.lang.String, java.lang.String, java.lang.String)[pri:0, instance:zeta.utilities.ZetaTestDriver@1e88b3c]" name="beforeSuite" is-config="true" duration-ms="2" started-at="2017-10-25T16:15:56Z" finished-at="2017-10-25T16:15:56Z">
          <params>
            <param index="0">
              <value>
                <![CDATA[org.testng.TestRunner@209da20d]]>
              </value>
            </param>
            <param index="1">
              <value>
                <![CDATA[nextgen]]>
              </value>
            </param>
            <param index="2">
              <value>
                <![CDATA[qa]]>
              </value>
            </param>
            <param index="3">
              <value>
                <![CDATA[chrome]]>
              </value>
            </param>
            <param index="4">
              <value>
                <![CDATA[windows]]>
              </value>
            </param>
            <param index="5">
              <value>
                <![CDATA[local]]>
              </value>
            </param>
          </params>
          <reporter-output>
          </reporter-output>
        </test-method> <!-- beforeSuite -->
      </class> <!-- zeta.utilities.ZetaTestDriver -->
    </test> <!-- zeta_CHROME -->
  </suite> <!-- Zeta Automation Suite -->
</testng-results>
