<?xml version="1.0" encoding="UTF-8"?>
<!-- Generated by org.testng.reporters.JUnitReportReporter -->
<testsuite hostname="patapl-G5SSZF2" name="zeta.test.ZetaCmsSuite" tests="1" failures="1" timestamp="25 Oct 2017 20:18:10 GMT" time="132.114" errors="0">
  <testcase name="alternateTextImageComponent" time="132.114" classname="zeta.test.ZetaCmsSuite">
    <failure type="java.lang.AssertionError" message="docdef was not published successfully. expected [true] but found [false]">
      <![CDATA[java.lang.AssertionError: docdef was not published successfully. expected [true] but found [false]
	at org.testng.Assert.fail(Assert.java:94)
	at org.testng.Assert.failNotEquals(Assert.java:496)
	at org.testng.Assert.assertTrue(Assert.java:42)
	at zeta.utilities.Report.runStep(Report.java:35)
	at zeta.pages.ZetaCMS.isPublished(ZetaCMS.java:394)
	at zeta.pages.ZetaCMS.publishContent(ZetaCMS.java:471)
	at zeta.pages.DocumentDefinitions.saveAndPublish(DocumentDefinitions.java:842)
	at zeta.test.ZetaCmsSuite.alternateTextImageComponent(ZetaCmsSuite.java:433)
	at sun.reflect.NativeMethodAccessorImpl.invoke0(Native Method)
	at sun.reflect.NativeMethodAccessorImpl.invoke(NativeMethodAccessorImpl.java:62)
	at sun.reflect.DelegatingMethodAccessorImpl.invoke(DelegatingMethodAccessorImpl.java:43)
	at java.lang.reflect.Method.invoke(Method.java:498)
	at org.testng.internal.MethodInvocationHelper.invokeMethod(MethodInvocationHelper.java:85)
	at org.testng.internal.Invoker.invokeMethod(Invoker.java:639)
	at org.testng.internal.Invoker.invokeTestMethod(Invoker.java:816)
	at org.testng.internal.Invoker.invokeTestMethods(Invoker.java:1124)
	at org.testng.internal.TestMethodWorker.invokeTestMethods(TestMethodWorker.java:125)
	at org.testng.internal.TestMethodWorker.run(TestMethodWorker.java:108)
	at java.util.concurrent.ThreadPoolExecutor.runWorker(ThreadPoolExecutor.java:1142)
	at java.util.concurrent.ThreadPoolExecutor$Worker.run(ThreadPoolExecutor.java:617)
	at java.lang.Thread.run(Thread.java:745)
]]>
    </failure>
  </testcase> <!-- alternateTextImageComponent -->
</testsuite> <!-- zeta.test.ZetaCmsSuite -->
